[Sun Mar 12 2017 21:58:13 GMT+0800 (中国标准时间)] /
Error: Can't set headers after they are sent.
    at ServerResponse.setHeader (_http_outgoing.js:358:11)
    at ServerResponse.header (e:\blog\myblog\node_modules\express\lib\response.js:719:10)
    at ServerResponse.send (e:\blog\myblog\node_modules\express\lib\response.js:164:12)
    at done (e:\blog\myblog\node_modules\express\lib\response.js:956:10)
    at tryHandleCache (e:\blog\myblog\node_modules\ejs\lib\ejs.js:208:10)
    at View.exports.renderFile [as engine] (e:\blog\myblog\node_modules\ejs\lib\ejs.js:412:10)
    at View.render (e:\blog\myblog\node_modules\express\lib\view.js:126:8)
    at tryRender (e:\blog\myblog\node_modules\express\lib\application.js:639:10)
    at Function.render (e:\blog\myblog\node_modules\express\lib\application.js:591:3)
    at ServerResponse.render (e:\blog\myblog\node_modules\express\lib\response.js:960:7)
    at e:\blog\myblog\app.js:77:7
    at Layer.handle_error (e:\blog\myblog\node_modules\express\lib\router\layer.js:71:5)
    at trim_prefix (e:\blog\myblog\node_modules\express\lib\router\index.js:310:13)
    at e:\blog\myblog\node_modules\express\lib\router\index.js:280:7
    at Function.process_params (e:\blog\myblog\node_modules\express\lib\router\index.js:330:12)
    at next (e:\blog\myblog\node_modules\express\lib\router\index.js:271:10)
    at Layer.handle_error (e:\blog\myblog\node_modules\express\lib\router\layer.js:67:12)
    at trim_prefix (e:\blog\myblog\node_modules\express\lib\router\index.js:310:13)
    at e:\blog\myblog\node_modules\express\lib\router\index.js:280:7
    at Function.process_params (e:\blog\myblog\node_modules\express\lib\router\index.js:330:12)
    at Immediate.next (e:\blog\myblog\node_modules\express\lib\router\index.js:271:10)
    at Immediate.<anonymous> (e:\blog\myblog\node_modules\express\lib\router\index.js:618:15)
[Sun Mar 12 2017 21:58:53 GMT+0800 (中国标准时间)] /
Error: Can't set headers after they are sent.
    at ServerResponse.setHeader (_http_outgoing.js:358:11)
    at ServerResponse.header (e:\blog\myblog\node_modules\express\lib\response.js:719:10)
    at ServerResponse.send (e:\blog\myblog\node_modules\express\lib\response.js:164:12)
    at done (e:\blog\myblog\node_modules\express\lib\response.js:956:10)
    at tryHandleCache (e:\blog\myblog\node_modules\ejs\lib\ejs.js:208:10)
    at View.exports.renderFile [as engine] (e:\blog\myblog\node_modules\ejs\lib\ejs.js:412:10)
    at View.render (e:\blog\myblog\node_modules\express\lib\view.js:126:8)
    at tryRender (e:\blog\myblog\node_modules\express\lib\application.js:639:10)
    at Function.render (e:\blog\myblog\node_modules\express\lib\application.js:591:3)
    at ServerResponse.render (e:\blog\myblog\node_modules\express\lib\response.js:960:7)
    at e:\blog\myblog\app.js:77:7
    at Layer.handle_error (e:\blog\myblog\node_modules\express\lib\router\layer.js:71:5)
    at trim_prefix (e:\blog\myblog\node_modules\express\lib\router\index.js:310:13)
    at e:\blog\myblog\node_modules\express\lib\router\index.js:280:7
    at Function.process_params (e:\blog\myblog\node_modules\express\lib\router\index.js:330:12)
    at next (e:\blog\myblog\node_modules\express\lib\router\index.js:271:10)
    at Layer.handle_error (e:\blog\myblog\node_modules\express\lib\router\layer.js:67:12)
    at trim_prefix (e:\blog\myblog\node_modules\express\lib\router\index.js:310:13)
    at e:\blog\myblog\node_modules\express\lib\router\index.js:280:7
    at Function.process_params (e:\blog\myblog\node_modules\express\lib\router\index.js:330:12)
    at Immediate.next (e:\blog\myblog\node_modules\express\lib\router\index.js:271:10)
    at Immediate.<anonymous> (e:\blog\myblog\node_modules\express\lib\router\index.js:618:15)
[Sun Mar 12 2017 22:00:31 GMT+0800 (中国标准时间)] /
Error: Can't set headers after they are sent.
    at ServerResponse.setHeader (_http_outgoing.js:358:11)
    at ServerResponse.header (e:\blog\myblog\node_modules\express\lib\response.js:719:10)
    at ServerResponse.send (e:\blog\myblog\node_modules\express\lib\response.js:164:12)
    at done (e:\blog\myblog\node_modules\express\lib\response.js:956:10)
    at tryHandleCache (e:\blog\myblog\node_modules\ejs\lib\ejs.js:208:10)
    at View.exports.renderFile [as engine] (e:\blog\myblog\node_modules\ejs\lib\ejs.js:412:10)
    at View.render (e:\blog\myblog\node_modules\express\lib\view.js:126:8)
    at tryRender (e:\blog\myblog\node_modules\express\lib\application.js:639:10)
    at Function.render (e:\blog\myblog\node_modules\express\lib\application.js:591:3)
    at ServerResponse.render (e:\blog\myblog\node_modules\express\lib\response.js:960:7)
    at e:\blog\myblog\app.js:77:7
    at Layer.handle_error (e:\blog\myblog\node_modules\express\lib\router\layer.js:71:5)
    at trim_prefix (e:\blog\myblog\node_modules\express\lib\router\index.js:310:13)
    at e:\blog\myblog\node_modules\express\lib\router\index.js:280:7
    at Function.process_params (e:\blog\myblog\node_modules\express\lib\router\index.js:330:12)
    at next (e:\blog\myblog\node_modules\express\lib\router\index.js:271:10)
    at Layer.handle_error (e:\blog\myblog\node_modules\express\lib\router\layer.js:67:12)
    at trim_prefix (e:\blog\myblog\node_modules\express\lib\router\index.js:310:13)
    at e:\blog\myblog\node_modules\express\lib\router\index.js:280:7
    at Function.process_params (e:\blog\myblog\node_modules\express\lib\router\index.js:330:12)
    at Immediate.next (e:\blog\myblog\node_modules\express\lib\router\index.js:271:10)
    at Immediate.<anonymous> (e:\blog\myblog\node_modules\express\lib\router\index.js:618:15)
[Sun Mar 12 2017 22:00:57 GMT+0800 (中国标准时间)] /
Error: Can't set headers after they are sent.
    at ServerResponse.setHeader (_http_outgoing.js:358:11)
    at ServerResponse.header (e:\blog\myblog\node_modules\express\lib\response.js:719:10)
    at ServerResponse.send (e:\blog\myblog\node_modules\express\lib\response.js:164:12)
    at done (e:\blog\myblog\node_modules\express\lib\response.js:956:10)
    at tryHandleCache (e:\blog\myblog\node_modules\ejs\lib\ejs.js:208:10)
    at View.exports.renderFile [as engine] (e:\blog\myblog\node_modules\ejs\lib\ejs.js:412:10)
    at View.render (e:\blog\myblog\node_modules\express\lib\view.js:126:8)
    at tryRender (e:\blog\myblog\node_modules\express\lib\application.js:639:10)
    at Function.render (e:\blog\myblog\node_modules\express\lib\application.js:591:3)
    at ServerResponse.render (e:\blog\myblog\node_modules\express\lib\response.js:960:7)
    at e:\blog\myblog\app.js:77:7
    at Layer.handle_error (e:\blog\myblog\node_modules\express\lib\router\layer.js:71:5)
    at trim_prefix (e:\blog\myblog\node_modules\express\lib\router\index.js:310:13)
    at e:\blog\myblog\node_modules\express\lib\router\index.js:280:7
    at Function.process_params (e:\blog\myblog\node_modules\express\lib\router\index.js:330:12)
    at next (e:\blog\myblog\node_modules\express\lib\router\index.js:271:10)
    at Layer.handle_error (e:\blog\myblog\node_modules\express\lib\router\layer.js:67:12)
    at trim_prefix (e:\blog\myblog\node_modules\express\lib\router\index.js:310:13)
    at e:\blog\myblog\node_modules\express\lib\router\index.js:280:7
    at Function.process_params (e:\blog\myblog\node_modules\express\lib\router\index.js:330:12)
    at Immediate.next (e:\blog\myblog\node_modules\express\lib\router\index.js:271:10)
    at Immediate.<anonymous> (e:\blog\myblog\node_modules\express\lib\router\index.js:618:15)
[Sun Mar 12 2017 22:34:17 GMT+0800 (中国标准时间)] /
Error: Can't set headers after they are sent.
    at ServerResponse.setHeader (_http_outgoing.js:358:11)
    at ServerResponse.header (e:\blog\myblog\node_modules\express\lib\response.js:719:10)
    at ServerResponse.send (e:\blog\myblog\node_modules\express\lib\response.js:164:12)
    at done (e:\blog\myblog\node_modules\express\lib\response.js:956:10)
    at tryHandleCache (e:\blog\myblog\node_modules\ejs\lib\ejs.js:208:10)
    at View.exports.renderFile [as engine] (e:\blog\myblog\node_modules\ejs\lib\ejs.js:412:10)
    at View.render (e:\blog\myblog\node_modules\express\lib\view.js:126:8)
    at tryRender (e:\blog\myblog\node_modules\express\lib\application.js:639:10)
    at Function.render (e:\blog\myblog\node_modules\express\lib\application.js:591:3)
    at ServerResponse.render (e:\blog\myblog\node_modules\express\lib\response.js:960:7)
    at e:\blog\myblog\app.js:77:7
    at Layer.handle_error (e:\blog\myblog\node_modules\express\lib\router\layer.js:71:5)
    at trim_prefix (e:\blog\myblog\node_modules\express\lib\router\index.js:310:13)
    at e:\blog\myblog\node_modules\express\lib\router\index.js:280:7
    at Function.process_params (e:\blog\myblog\node_modules\express\lib\router\index.js:330:12)
    at next (e:\blog\myblog\node_modules\express\lib\router\index.js:271:10)
    at Layer.handle_error (e:\blog\myblog\node_modules\express\lib\router\layer.js:67:12)
    at trim_prefix (e:\blog\myblog\node_modules\express\lib\router\index.js:310:13)
    at e:\blog\myblog\node_modules\express\lib\router\index.js:280:7
    at Function.process_params (e:\blog\myblog\node_modules\express\lib\router\index.js:330:12)
    at Immediate.next (e:\blog\myblog\node_modules\express\lib\router\index.js:271:10)
    at Immediate.<anonymous> (e:\blog\myblog\node_modules\express\lib\router\index.js:618:15)
[Sun Mar 12 2017 22:57:06 GMT+0800 (中国标准时间)] /
Error: Can't set headers after they are sent.
    at ServerResponse.setHeader (_http_outgoing.js:358:11)
    at ServerResponse.header (e:\blog\myblog\node_modules\express\lib\response.js:719:10)
    at ServerResponse.send (e:\blog\myblog\node_modules\express\lib\response.js:164:12)
    at done (e:\blog\myblog\node_modules\express\lib\response.js:956:10)
    at tryHandleCache (e:\blog\myblog\node_modules\ejs\lib\ejs.js:208:10)
    at View.exports.renderFile [as engine] (e:\blog\myblog\node_modules\ejs\lib\ejs.js:412:10)
    at View.render (e:\blog\myblog\node_modules\express\lib\view.js:126:8)
    at tryRender (e:\blog\myblog\node_modules\express\lib\application.js:639:10)
    at Function.render (e:\blog\myblog\node_modules\express\lib\application.js:591:3)
    at ServerResponse.render (e:\blog\myblog\node_modules\express\lib\response.js:960:7)
    at e:\blog\myblog\app.js:77:7
    at Layer.handle_error (e:\blog\myblog\node_modules\express\lib\router\layer.js:71:5)
    at trim_prefix (e:\blog\myblog\node_modules\express\lib\router\index.js:310:13)
    at e:\blog\myblog\node_modules\express\lib\router\index.js:280:7
    at Function.process_params (e:\blog\myblog\node_modules\express\lib\router\index.js:330:12)
    at next (e:\blog\myblog\node_modules\express\lib\router\index.js:271:10)
    at Layer.handle_error (e:\blog\myblog\node_modules\express\lib\router\layer.js:67:12)
    at trim_prefix (e:\blog\myblog\node_modules\express\lib\router\index.js:310:13)
    at e:\blog\myblog\node_modules\express\lib\router\index.js:280:7
    at Function.process_params (e:\blog\myblog\node_modules\express\lib\router\index.js:330:12)
    at Immediate.next (e:\blog\myblog\node_modules\express\lib\router\index.js:271:10)
    at Immediate.<anonymous> (e:\blog\myblog\node_modules\express\lib\router\index.js:618:15)
[Sun Mar 12 2017 23:07:14 GMT+0800 (中国标准时间)] /
Error: Can't set headers after they are sent.
    at ServerResponse.setHeader (_http_outgoing.js:358:11)
    at ServerResponse.header (e:\blog\myblog\node_modules\express\lib\response.js:719:10)
    at ServerResponse.send (e:\blog\myblog\node_modules\express\lib\response.js:164:12)
    at done (e:\blog\myblog\node_modules\express\lib\response.js:956:10)
    at tryHandleCache (e:\blog\myblog\node_modules\ejs\lib\ejs.js:208:10)
    at View.exports.renderFile [as engine] (e:\blog\myblog\node_modules\ejs\lib\ejs.js:412:10)
    at View.render (e:\blog\myblog\node_modules\express\lib\view.js:126:8)
    at tryRender (e:\blog\myblog\node_modules\express\lib\application.js:639:10)
    at Function.render (e:\blog\myblog\node_modules\express\lib\application.js:591:3)
    at ServerResponse.render (e:\blog\myblog\node_modules\express\lib\response.js:960:7)
    at e:\blog\myblog\app.js:77:7
    at Layer.handle_error (e:\blog\myblog\node_modules\express\lib\router\layer.js:71:5)
    at trim_prefix (e:\blog\myblog\node_modules\express\lib\router\index.js:310:13)
    at e:\blog\myblog\node_modules\express\lib\router\index.js:280:7
    at Function.process_params (e:\blog\myblog\node_modules\express\lib\router\index.js:330:12)
    at next (e:\blog\myblog\node_modules\express\lib\router\index.js:271:10)
    at Layer.handle_error (e:\blog\myblog\node_modules\express\lib\router\layer.js:67:12)
    at trim_prefix (e:\blog\myblog\node_modules\express\lib\router\index.js:310:13)
    at e:\blog\myblog\node_modules\express\lib\router\index.js:280:7
    at Function.process_params (e:\blog\myblog\node_modules\express\lib\router\index.js:330:12)
    at Immediate.next (e:\blog\myblog\node_modules\express\lib\router\index.js:271:10)
    at Immediate.<anonymous> (e:\blog\myblog\node_modules\express\lib\router\index.js:618:15)
[Sun Mar 12 2017 23:07:55 GMT+0800 (中国标准时间)] /
Error: Can't set headers after they are sent.
    at ServerResponse.setHeader (_http_outgoing.js:358:11)
    at ServerResponse.header (e:\blog\myblog\node_modules\express\lib\response.js:719:10)
    at ServerResponse.send (e:\blog\myblog\node_modules\express\lib\response.js:164:12)
    at done (e:\blog\myblog\node_modules\express\lib\response.js:956:10)
    at tryHandleCache (e:\blog\myblog\node_modules\ejs\lib\ejs.js:208:10)
    at View.exports.renderFile [as engine] (e:\blog\myblog\node_modules\ejs\lib\ejs.js:412:10)
    at View.render (e:\blog\myblog\node_modules\express\lib\view.js:126:8)
    at tryRender (e:\blog\myblog\node_modules\express\lib\application.js:639:10)
    at Function.render (e:\blog\myblog\node_modules\express\lib\application.js:591:3)
    at ServerResponse.render (e:\blog\myblog\node_modules\express\lib\response.js:960:7)
    at e:\blog\myblog\app.js:77:7
    at Layer.handle_error (e:\blog\myblog\node_modules\express\lib\router\layer.js:71:5)
    at trim_prefix (e:\blog\myblog\node_modules\express\lib\router\index.js:310:13)
    at e:\blog\myblog\node_modules\express\lib\router\index.js:280:7
    at Function.process_params (e:\blog\myblog\node_modules\express\lib\router\index.js:330:12)
    at next (e:\blog\myblog\node_modules\express\lib\router\index.js:271:10)
    at Layer.handle_error (e:\blog\myblog\node_modules\express\lib\router\layer.js:67:12)
    at trim_prefix (e:\blog\myblog\node_modules\express\lib\router\index.js:310:13)
    at e:\blog\myblog\node_modules\express\lib\router\index.js:280:7
    at Function.process_params (e:\blog\myblog\node_modules\express\lib\router\index.js:330:12)
    at Immediate.next (e:\blog\myblog\node_modules\express\lib\router\index.js:271:10)
    at Immediate.<anonymous> (e:\blog\myblog\node_modules\express\lib\router\index.js:618:15)
[Sun Mar 12 2017 23:08:44 GMT+0800 (中国标准时间)] /
Error: Can't set headers after they are sent.
    at ServerResponse.setHeader (_http_outgoing.js:358:11)
    at ServerResponse.header (e:\blog\myblog\node_modules\express\lib\response.js:719:10)
    at ServerResponse.send (e:\blog\myblog\node_modules\express\lib\response.js:164:12)
    at done (e:\blog\myblog\node_modules\express\lib\response.js:956:10)
    at tryHandleCache (e:\blog\myblog\node_modules\ejs\lib\ejs.js:208:10)
    at View.exports.renderFile [as engine] (e:\blog\myblog\node_modules\ejs\lib\ejs.js:412:10)
    at View.render (e:\blog\myblog\node_modules\express\lib\view.js:126:8)
    at tryRender (e:\blog\myblog\node_modules\express\lib\application.js:639:10)
    at Function.render (e:\blog\myblog\node_modules\express\lib\application.js:591:3)
    at ServerResponse.render (e:\blog\myblog\node_modules\express\lib\response.js:960:7)
    at e:\blog\myblog\app.js:77:7
    at Layer.handle_error (e:\blog\myblog\node_modules\express\lib\router\layer.js:71:5)
    at trim_prefix (e:\blog\myblog\node_modules\express\lib\router\index.js:310:13)
    at e:\blog\myblog\node_modules\express\lib\router\index.js:280:7
    at Function.process_params (e:\blog\myblog\node_modules\express\lib\router\index.js:330:12)
    at next (e:\blog\myblog\node_modules\express\lib\router\index.js:271:10)
    at Layer.handle_error (e:\blog\myblog\node_modules\express\lib\router\layer.js:67:12)
    at trim_prefix (e:\blog\myblog\node_modules\express\lib\router\index.js:310:13)
    at e:\blog\myblog\node_modules\express\lib\router\index.js:280:7
    at Function.process_params (e:\blog\myblog\node_modules\express\lib\router\index.js:330:12)
    at Immediate.next (e:\blog\myblog\node_modules\express\lib\router\index.js:271:10)
    at Immediate.<anonymous> (e:\blog\myblog\node_modules\express\lib\router\index.js:618:15)
[Sun Mar 12 2017 23:09:27 GMT+0800 (中国标准时间)] /
Error: Can't set headers after they are sent.
    at ServerResponse.setHeader (_http_outgoing.js:358:11)
    at ServerResponse.header (e:\blog\myblog\node_modules\express\lib\response.js:719:10)
    at ServerResponse.send (e:\blog\myblog\node_modules\express\lib\response.js:164:12)
    at done (e:\blog\myblog\node_modules\express\lib\response.js:956:10)
    at tryHandleCache (e:\blog\myblog\node_modules\ejs\lib\ejs.js:208:10)
    at View.exports.renderFile [as engine] (e:\blog\myblog\node_modules\ejs\lib\ejs.js:412:10)
    at View.render (e:\blog\myblog\node_modules\express\lib\view.js:126:8)
    at tryRender (e:\blog\myblog\node_modules\express\lib\application.js:639:10)
    at Function.render (e:\blog\myblog\node_modules\express\lib\application.js:591:3)
    at ServerResponse.render (e:\blog\myblog\node_modules\express\lib\response.js:960:7)
    at e:\blog\myblog\app.js:77:7
    at Layer.handle_error (e:\blog\myblog\node_modules\express\lib\router\layer.js:71:5)
    at trim_prefix (e:\blog\myblog\node_modules\express\lib\router\index.js:310:13)
    at e:\blog\myblog\node_modules\express\lib\router\index.js:280:7
    at Function.process_params (e:\blog\myblog\node_modules\express\lib\router\index.js:330:12)
    at next (e:\blog\myblog\node_modules\express\lib\router\index.js:271:10)
    at Layer.handle_error (e:\blog\myblog\node_modules\express\lib\router\layer.js:67:12)
    at trim_prefix (e:\blog\myblog\node_modules\express\lib\router\index.js:310:13)
    at e:\blog\myblog\node_modules\express\lib\router\index.js:280:7
    at Function.process_params (e:\blog\myblog\node_modules\express\lib\router\index.js:330:12)
    at Immediate.next (e:\blog\myblog\node_modules\express\lib\router\index.js:271:10)
    at Immediate.<anonymous> (e:\blog\myblog\node_modules\express\lib\router\index.js:618:15)
[Sun Mar 12 2017 23:11:14 GMT+0800 (中国标准时间)] /
Error: Can't set headers after they are sent.
    at ServerResponse.setHeader (_http_outgoing.js:358:11)
    at ServerResponse.header (e:\blog\myblog\node_modules\express\lib\response.js:719:10)
    at ServerResponse.send (e:\blog\myblog\node_modules\express\lib\response.js:164:12)
    at done (e:\blog\myblog\node_modules\express\lib\response.js:956:10)
    at tryHandleCache (e:\blog\myblog\node_modules\ejs\lib\ejs.js:208:10)
    at View.exports.renderFile [as engine] (e:\blog\myblog\node_modules\ejs\lib\ejs.js:412:10)
    at View.render (e:\blog\myblog\node_modules\express\lib\view.js:126:8)
    at tryRender (e:\blog\myblog\node_modules\express\lib\application.js:639:10)
    at Function.render (e:\blog\myblog\node_modules\express\lib\application.js:591:3)
    at ServerResponse.render (e:\blog\myblog\node_modules\express\lib\response.js:960:7)
    at e:\blog\myblog\app.js:77:7
    at Layer.handle_error (e:\blog\myblog\node_modules\express\lib\router\layer.js:71:5)
    at trim_prefix (e:\blog\myblog\node_modules\express\lib\router\index.js:310:13)
    at e:\blog\myblog\node_modules\express\lib\router\index.js:280:7
    at Function.process_params (e:\blog\myblog\node_modules\express\lib\router\index.js:330:12)
    at next (e:\blog\myblog\node_modules\express\lib\router\index.js:271:10)
    at Layer.handle_error (e:\blog\myblog\node_modules\express\lib\router\layer.js:67:12)
    at trim_prefix (e:\blog\myblog\node_modules\express\lib\router\index.js:310:13)
    at e:\blog\myblog\node_modules\express\lib\router\index.js:280:7
    at Function.process_params (e:\blog\myblog\node_modules\express\lib\router\index.js:330:12)
    at Immediate.next (e:\blog\myblog\node_modules\express\lib\router\index.js:271:10)
    at Immediate.<anonymous> (e:\blog\myblog\node_modules\express\lib\router\index.js:618:15)
[Sun Mar 12 2017 23:13:40 GMT+0800 (中国标准时间)] /
Error: Can't set headers after they are sent.
    at ServerResponse.setHeader (_http_outgoing.js:358:11)
    at ServerResponse.header (e:\blog\myblog\node_modules\express\lib\response.js:719:10)
    at ServerResponse.send (e:\blog\myblog\node_modules\express\lib\response.js:164:12)
    at done (e:\blog\myblog\node_modules\express\lib\response.js:956:10)
    at tryHandleCache (e:\blog\myblog\node_modules\ejs\lib\ejs.js:208:10)
    at View.exports.renderFile [as engine] (e:\blog\myblog\node_modules\ejs\lib\ejs.js:412:10)
    at View.render (e:\blog\myblog\node_modules\express\lib\view.js:126:8)
    at tryRender (e:\blog\myblog\node_modules\express\lib\application.js:639:10)
    at Function.render (e:\blog\myblog\node_modules\express\lib\application.js:591:3)
    at ServerResponse.render (e:\blog\myblog\node_modules\express\lib\response.js:960:7)
    at e:\blog\myblog\app.js:77:7
    at Layer.handle_error (e:\blog\myblog\node_modules\express\lib\router\layer.js:71:5)
    at trim_prefix (e:\blog\myblog\node_modules\express\lib\router\index.js:310:13)
    at e:\blog\myblog\node_modules\express\lib\router\index.js:280:7
    at Function.process_params (e:\blog\myblog\node_modules\express\lib\router\index.js:330:12)
    at next (e:\blog\myblog\node_modules\express\lib\router\index.js:271:10)
    at Layer.handle_error (e:\blog\myblog\node_modules\express\lib\router\layer.js:67:12)
    at trim_prefix (e:\blog\myblog\node_modules\express\lib\router\index.js:310:13)
    at e:\blog\myblog\node_modules\express\lib\router\index.js:280:7
    at Function.process_params (e:\blog\myblog\node_modules\express\lib\router\index.js:330:12)
    at Immediate.next (e:\blog\myblog\node_modules\express\lib\router\index.js:271:10)
    at Immediate.<anonymous> (e:\blog\myblog\node_modules\express\lib\router\index.js:618:15)
[Sun Mar 12 2017 23:16:32 GMT+0800 (中国标准时间)] /
Error: Can't set headers after they are sent.
    at ServerResponse.setHeader (_http_outgoing.js:358:11)
    at ServerResponse.header (e:\blog\myblog\node_modules\express\lib\response.js:719:10)
    at ServerResponse.send (e:\blog\myblog\node_modules\express\lib\response.js:164:12)
    at done (e:\blog\myblog\node_modules\express\lib\response.js:956:10)
    at tryHandleCache (e:\blog\myblog\node_modules\ejs\lib\ejs.js:208:10)
    at View.exports.renderFile [as engine] (e:\blog\myblog\node_modules\ejs\lib\ejs.js:412:10)
    at View.render (e:\blog\myblog\node_modules\express\lib\view.js:126:8)
    at tryRender (e:\blog\myblog\node_modules\express\lib\application.js:639:10)
    at Function.render (e:\blog\myblog\node_modules\express\lib\application.js:591:3)
    at ServerResponse.render (e:\blog\myblog\node_modules\express\lib\response.js:960:7)
    at e:\blog\myblog\app.js:77:7
    at Layer.handle_error (e:\blog\myblog\node_modules\express\lib\router\layer.js:71:5)
    at trim_prefix (e:\blog\myblog\node_modules\express\lib\router\index.js:310:13)
    at e:\blog\myblog\node_modules\express\lib\router\index.js:280:7
    at Function.process_params (e:\blog\myblog\node_modules\express\lib\router\index.js:330:12)
    at next (e:\blog\myblog\node_modules\express\lib\router\index.js:271:10)
    at Layer.handle_error (e:\blog\myblog\node_modules\express\lib\router\layer.js:67:12)
    at trim_prefix (e:\blog\myblog\node_modules\express\lib\router\index.js:310:13)
    at e:\blog\myblog\node_modules\express\lib\router\index.js:280:7
    at Function.process_params (e:\blog\myblog\node_modules\express\lib\router\index.js:330:12)
    at Immediate.next (e:\blog\myblog\node_modules\express\lib\router\index.js:271:10)
    at Immediate.<anonymous> (e:\blog\myblog\node_modules\express\lib\router\index.js:618:15)
[Sun Mar 12 2017 23:17:31 GMT+0800 (中国标准时间)] /
Error: Can't set headers after they are sent.
    at ServerResponse.setHeader (_http_outgoing.js:358:11)
    at ServerResponse.header (e:\blog\myblog\node_modules\express\lib\response.js:719:10)
    at ServerResponse.send (e:\blog\myblog\node_modules\express\lib\response.js:164:12)
    at done (e:\blog\myblog\node_modules\express\lib\response.js:956:10)
    at tryHandleCache (e:\blog\myblog\node_modules\ejs\lib\ejs.js:208:10)
    at View.exports.renderFile [as engine] (e:\blog\myblog\node_modules\ejs\lib\ejs.js:412:10)
    at View.render (e:\blog\myblog\node_modules\express\lib\view.js:126:8)
    at tryRender (e:\blog\myblog\node_modules\express\lib\application.js:639:10)
    at Function.render (e:\blog\myblog\node_modules\express\lib\application.js:591:3)
    at ServerResponse.render (e:\blog\myblog\node_modules\express\lib\response.js:960:7)
    at e:\blog\myblog\app.js:77:7
    at Layer.handle_error (e:\blog\myblog\node_modules\express\lib\router\layer.js:71:5)
    at trim_prefix (e:\blog\myblog\node_modules\express\lib\router\index.js:310:13)
    at e:\blog\myblog\node_modules\express\lib\router\index.js:280:7
    at Function.process_params (e:\blog\myblog\node_modules\express\lib\router\index.js:330:12)
    at next (e:\blog\myblog\node_modules\express\lib\router\index.js:271:10)
    at Layer.handle_error (e:\blog\myblog\node_modules\express\lib\router\layer.js:67:12)
    at trim_prefix (e:\blog\myblog\node_modules\express\lib\router\index.js:310:13)
    at e:\blog\myblog\node_modules\express\lib\router\index.js:280:7
    at Function.process_params (e:\blog\myblog\node_modules\express\lib\router\index.js:330:12)
    at Immediate.next (e:\blog\myblog\node_modules\express\lib\router\index.js:271:10)
    at Immediate.<anonymous> (e:\blog\myblog\node_modules\express\lib\router\index.js:618:15)
[Sun Mar 12 2017 23:18:39 GMT+0800 (中国标准时间)] /
Error: Can't set headers after they are sent.
    at ServerResponse.setHeader (_http_outgoing.js:358:11)
    at ServerResponse.header (e:\blog\myblog\node_modules\express\lib\response.js:719:10)
    at ServerResponse.send (e:\blog\myblog\node_modules\express\lib\response.js:164:12)
    at done (e:\blog\myblog\node_modules\express\lib\response.js:956:10)
    at tryHandleCache (e:\blog\myblog\node_modules\ejs\lib\ejs.js:208:10)
    at View.exports.renderFile [as engine] (e:\blog\myblog\node_modules\ejs\lib\ejs.js:412:10)
    at View.render (e:\blog\myblog\node_modules\express\lib\view.js:126:8)
    at tryRender (e:\blog\myblog\node_modules\express\lib\application.js:639:10)
    at Function.render (e:\blog\myblog\node_modules\express\lib\application.js:591:3)
    at ServerResponse.render (e:\blog\myblog\node_modules\express\lib\response.js:960:7)
    at e:\blog\myblog\app.js:77:7
    at Layer.handle_error (e:\blog\myblog\node_modules\express\lib\router\layer.js:71:5)
    at trim_prefix (e:\blog\myblog\node_modules\express\lib\router\index.js:310:13)
    at e:\blog\myblog\node_modules\express\lib\router\index.js:280:7
    at Function.process_params (e:\blog\myblog\node_modules\express\lib\router\index.js:330:12)
    at next (e:\blog\myblog\node_modules\express\lib\router\index.js:271:10)
    at Layer.handle_error (e:\blog\myblog\node_modules\express\lib\router\layer.js:67:12)
    at trim_prefix (e:\blog\myblog\node_modules\express\lib\router\index.js:310:13)
    at e:\blog\myblog\node_modules\express\lib\router\index.js:280:7
    at Function.process_params (e:\blog\myblog\node_modules\express\lib\router\index.js:330:12)
    at Immediate.next (e:\blog\myblog\node_modules\express\lib\router\index.js:271:10)
    at Immediate.<anonymous> (e:\blog\myblog\node_modules\express\lib\router\index.js:618:15)
[Sun Mar 12 2017 23:19:53 GMT+0800 (中国标准时间)] /
Error: Can't set headers after they are sent.
    at ServerResponse.setHeader (_http_outgoing.js:358:11)
    at ServerResponse.header (e:\blog\myblog\node_modules\express\lib\response.js:719:10)
    at ServerResponse.send (e:\blog\myblog\node_modules\express\lib\response.js:164:12)
    at done (e:\blog\myblog\node_modules\express\lib\response.js:956:10)
    at tryHandleCache (e:\blog\myblog\node_modules\ejs\lib\ejs.js:208:10)
    at View.exports.renderFile [as engine] (e:\blog\myblog\node_modules\ejs\lib\ejs.js:412:10)
    at View.render (e:\blog\myblog\node_modules\express\lib\view.js:126:8)
    at tryRender (e:\blog\myblog\node_modules\express\lib\application.js:639:10)
    at Function.render (e:\blog\myblog\node_modules\express\lib\application.js:591:3)
    at ServerResponse.render (e:\blog\myblog\node_modules\express\lib\response.js:960:7)
    at e:\blog\myblog\app.js:77:7
    at Layer.handle_error (e:\blog\myblog\node_modules\express\lib\router\layer.js:71:5)
    at trim_prefix (e:\blog\myblog\node_modules\express\lib\router\index.js:310:13)
    at e:\blog\myblog\node_modules\express\lib\router\index.js:280:7
    at Function.process_params (e:\blog\myblog\node_modules\express\lib\router\index.js:330:12)
    at next (e:\blog\myblog\node_modules\express\lib\router\index.js:271:10)
    at Layer.handle_error (e:\blog\myblog\node_modules\express\lib\router\layer.js:67:12)
    at trim_prefix (e:\blog\myblog\node_modules\express\lib\router\index.js:310:13)
    at e:\blog\myblog\node_modules\express\lib\router\index.js:280:7
    at Function.process_params (e:\blog\myblog\node_modules\express\lib\router\index.js:330:12)
    at Immediate.next (e:\blog\myblog\node_modules\express\lib\router\index.js:271:10)
    at Immediate.<anonymous> (e:\blog\myblog\node_modules\express\lib\router\index.js:618:15)
[Sun Mar 12 2017 23:28:49 GMT+0800 (中国标准时间)] /
Error: Can't set headers after they are sent.
    at ServerResponse.setHeader (_http_outgoing.js:358:11)
    at ServerResponse.header (e:\blog\myblog\node_modules\express\lib\response.js:719:10)
    at ServerResponse.send (e:\blog\myblog\node_modules\express\lib\response.js:164:12)
    at done (e:\blog\myblog\node_modules\express\lib\response.js:956:10)
    at tryHandleCache (e:\blog\myblog\node_modules\ejs\lib\ejs.js:208:10)
    at View.exports.renderFile [as engine] (e:\blog\myblog\node_modules\ejs\lib\ejs.js:412:10)
    at View.render (e:\blog\myblog\node_modules\express\lib\view.js:126:8)
    at tryRender (e:\blog\myblog\node_modules\express\lib\application.js:639:10)
    at Function.render (e:\blog\myblog\node_modules\express\lib\application.js:591:3)
    at ServerResponse.render (e:\blog\myblog\node_modules\express\lib\response.js:960:7)
    at e:\blog\myblog\app.js:77:7
    at Layer.handle_error (e:\blog\myblog\node_modules\express\lib\router\layer.js:71:5)
    at trim_prefix (e:\blog\myblog\node_modules\express\lib\router\index.js:310:13)
    at e:\blog\myblog\node_modules\express\lib\router\index.js:280:7
    at Function.process_params (e:\blog\myblog\node_modules\express\lib\router\index.js:330:12)
    at next (e:\blog\myblog\node_modules\express\lib\router\index.js:271:10)
    at Layer.handle_error (e:\blog\myblog\node_modules\express\lib\router\layer.js:67:12)
    at trim_prefix (e:\blog\myblog\node_modules\express\lib\router\index.js:310:13)
    at e:\blog\myblog\node_modules\express\lib\router\index.js:280:7
    at Function.process_params (e:\blog\myblog\node_modules\express\lib\router\index.js:330:12)
    at Immediate.next (e:\blog\myblog\node_modules\express\lib\router\index.js:271:10)
    at Immediate.<anonymous> (e:\blog\myblog\node_modules\express\lib\router\index.js:618:15)
[Sun Mar 12 2017 23:29:02 GMT+0800 (中国标准时间)] /
Error: Can't set headers after they are sent.
    at ServerResponse.setHeader (_http_outgoing.js:358:11)
    at ServerResponse.header (e:\blog\myblog\node_modules\express\lib\response.js:719:10)
    at ServerResponse.send (e:\blog\myblog\node_modules\express\lib\response.js:164:12)
    at done (e:\blog\myblog\node_modules\express\lib\response.js:956:10)
    at tryHandleCache (e:\blog\myblog\node_modules\ejs\lib\ejs.js:208:10)
    at View.exports.renderFile [as engine] (e:\blog\myblog\node_modules\ejs\lib\ejs.js:412:10)
    at View.render (e:\blog\myblog\node_modules\express\lib\view.js:126:8)
    at tryRender (e:\blog\myblog\node_modules\express\lib\application.js:639:10)
    at Function.render (e:\blog\myblog\node_modules\express\lib\application.js:591:3)
    at ServerResponse.render (e:\blog\myblog\node_modules\express\lib\response.js:960:7)
    at e:\blog\myblog\app.js:77:7
    at Layer.handle_error (e:\blog\myblog\node_modules\express\lib\router\layer.js:71:5)
    at trim_prefix (e:\blog\myblog\node_modules\express\lib\router\index.js:310:13)
    at e:\blog\myblog\node_modules\express\lib\router\index.js:280:7
    at Function.process_params (e:\blog\myblog\node_modules\express\lib\router\index.js:330:12)
    at next (e:\blog\myblog\node_modules\express\lib\router\index.js:271:10)
    at Layer.handle_error (e:\blog\myblog\node_modules\express\lib\router\layer.js:67:12)
    at trim_prefix (e:\blog\myblog\node_modules\express\lib\router\index.js:310:13)
    at e:\blog\myblog\node_modules\express\lib\router\index.js:280:7
    at Function.process_params (e:\blog\myblog\node_modules\express\lib\router\index.js:330:12)
    at Immediate.next (e:\blog\myblog\node_modules\express\lib\router\index.js:271:10)
    at Immediate.<anonymous> (e:\blog\myblog\node_modules\express\lib\router\index.js:618:15)
[Sun Mar 12 2017 23:29:10 GMT+0800 (中国标准时间)] /
Error: Can't set headers after they are sent.
    at ServerResponse.setHeader (_http_outgoing.js:358:11)
    at ServerResponse.header (e:\blog\myblog\node_modules\express\lib\response.js:719:10)
    at ServerResponse.send (e:\blog\myblog\node_modules\express\lib\response.js:164:12)
    at done (e:\blog\myblog\node_modules\express\lib\response.js:956:10)
    at tryHandleCache (e:\blog\myblog\node_modules\ejs\lib\ejs.js:208:10)
    at View.exports.renderFile [as engine] (e:\blog\myblog\node_modules\ejs\lib\ejs.js:412:10)
    at View.render (e:\blog\myblog\node_modules\express\lib\view.js:126:8)
    at tryRender (e:\blog\myblog\node_modules\express\lib\application.js:639:10)
    at Function.render (e:\blog\myblog\node_modules\express\lib\application.js:591:3)
    at ServerResponse.render (e:\blog\myblog\node_modules\express\lib\response.js:960:7)
    at e:\blog\myblog\app.js:77:7
    at Layer.handle_error (e:\blog\myblog\node_modules\express\lib\router\layer.js:71:5)
    at trim_prefix (e:\blog\myblog\node_modules\express\lib\router\index.js:310:13)
    at e:\blog\myblog\node_modules\express\lib\router\index.js:280:7
    at Function.process_params (e:\blog\myblog\node_modules\express\lib\router\index.js:330:12)
    at next (e:\blog\myblog\node_modules\express\lib\router\index.js:271:10)
    at Layer.handle_error (e:\blog\myblog\node_modules\express\lib\router\layer.js:67:12)
    at trim_prefix (e:\blog\myblog\node_modules\express\lib\router\index.js:310:13)
    at e:\blog\myblog\node_modules\express\lib\router\index.js:280:7
    at Function.process_params (e:\blog\myblog\node_modules\express\lib\router\index.js:330:12)
    at Immediate.next (e:\blog\myblog\node_modules\express\lib\router\index.js:271:10)
    at Immediate.<anonymous> (e:\blog\myblog\node_modules\express\lib\router\index.js:618:15)
[Sun Mar 12 2017 23:29:20 GMT+0800 (中国标准时间)] /
Error: Can't set headers after they are sent.
    at ServerResponse.setHeader (_http_outgoing.js:358:11)
    at ServerResponse.header (e:\blog\myblog\node_modules\express\lib\response.js:719:10)
    at ServerResponse.send (e:\blog\myblog\node_modules\express\lib\response.js:164:12)
    at done (e:\blog\myblog\node_modules\express\lib\response.js:956:10)
    at tryHandleCache (e:\blog\myblog\node_modules\ejs\lib\ejs.js:208:10)
    at View.exports.renderFile [as engine] (e:\blog\myblog\node_modules\ejs\lib\ejs.js:412:10)
    at View.render (e:\blog\myblog\node_modules\express\lib\view.js:126:8)
    at tryRender (e:\blog\myblog\node_modules\express\lib\application.js:639:10)
    at Function.render (e:\blog\myblog\node_modules\express\lib\application.js:591:3)
    at ServerResponse.render (e:\blog\myblog\node_modules\express\lib\response.js:960:7)
    at e:\blog\myblog\app.js:77:7
    at Layer.handle_error (e:\blog\myblog\node_modules\express\lib\router\layer.js:71:5)
    at trim_prefix (e:\blog\myblog\node_modules\express\lib\router\index.js:310:13)
    at e:\blog\myblog\node_modules\express\lib\router\index.js:280:7
    at Function.process_params (e:\blog\myblog\node_modules\express\lib\router\index.js:330:12)
    at next (e:\blog\myblog\node_modules\express\lib\router\index.js:271:10)
    at Layer.handle_error (e:\blog\myblog\node_modules\express\lib\router\layer.js:67:12)
    at trim_prefix (e:\blog\myblog\node_modules\express\lib\router\index.js:310:13)
    at e:\blog\myblog\node_modules\express\lib\router\index.js:280:7
    at Function.process_params (e:\blog\myblog\node_modules\express\lib\router\index.js:330:12)
    at Immediate.next (e:\blog\myblog\node_modules\express\lib\router\index.js:271:10)
    at Immediate.<anonymous> (e:\blog\myblog\node_modules\express\lib\router\index.js:618:15)
[Sun Mar 12 2017 23:30:53 GMT+0800 (中国标准时间)] /
Error: Can't set headers after they are sent.
    at ServerResponse.setHeader (_http_outgoing.js:358:11)
    at ServerResponse.header (e:\blog\myblog\node_modules\express\lib\response.js:719:10)
    at ServerResponse.send (e:\blog\myblog\node_modules\express\lib\response.js:164:12)
    at done (e:\blog\myblog\node_modules\express\lib\response.js:956:10)
    at tryHandleCache (e:\blog\myblog\node_modules\ejs\lib\ejs.js:208:10)
    at View.exports.renderFile [as engine] (e:\blog\myblog\node_modules\ejs\lib\ejs.js:412:10)
    at View.render (e:\blog\myblog\node_modules\express\lib\view.js:126:8)
    at tryRender (e:\blog\myblog\node_modules\express\lib\application.js:639:10)
    at Function.render (e:\blog\myblog\node_modules\express\lib\application.js:591:3)
    at ServerResponse.render (e:\blog\myblog\node_modules\express\lib\response.js:960:7)
    at e:\blog\myblog\app.js:77:7
    at Layer.handle_error (e:\blog\myblog\node_modules\express\lib\router\layer.js:71:5)
    at trim_prefix (e:\blog\myblog\node_modules\express\lib\router\index.js:310:13)
    at e:\blog\myblog\node_modules\express\lib\router\index.js:280:7
    at Function.process_params (e:\blog\myblog\node_modules\express\lib\router\index.js:330:12)
    at next (e:\blog\myblog\node_modules\express\lib\router\index.js:271:10)
    at Layer.handle_error (e:\blog\myblog\node_modules\express\lib\router\layer.js:67:12)
    at trim_prefix (e:\blog\myblog\node_modules\express\lib\router\index.js:310:13)
    at e:\blog\myblog\node_modules\express\lib\router\index.js:280:7
    at Function.process_params (e:\blog\myblog\node_modules\express\lib\router\index.js:330:12)
    at Immediate.next (e:\blog\myblog\node_modules\express\lib\router\index.js:271:10)
    at Immediate.<anonymous> (e:\blog\myblog\node_modules\express\lib\router\index.js:618:15)
[Sun Mar 12 2017 23:31:39 GMT+0800 (中国标准时间)] /
Error: Can't set headers after they are sent.
    at ServerResponse.setHeader (_http_outgoing.js:358:11)
    at ServerResponse.header (e:\blog\myblog\node_modules\express\lib\response.js:719:10)
    at ServerResponse.send (e:\blog\myblog\node_modules\express\lib\response.js:164:12)
    at done (e:\blog\myblog\node_modules\express\lib\response.js:956:10)
    at tryHandleCache (e:\blog\myblog\node_modules\ejs\lib\ejs.js:208:10)
    at View.exports.renderFile [as engine] (e:\blog\myblog\node_modules\ejs\lib\ejs.js:412:10)
    at View.render (e:\blog\myblog\node_modules\express\lib\view.js:126:8)
    at tryRender (e:\blog\myblog\node_modules\express\lib\application.js:639:10)
    at Function.render (e:\blog\myblog\node_modules\express\lib\application.js:591:3)
    at ServerResponse.render (e:\blog\myblog\node_modules\express\lib\response.js:960:7)
    at e:\blog\myblog\app.js:77:7
    at Layer.handle_error (e:\blog\myblog\node_modules\express\lib\router\layer.js:71:5)
    at trim_prefix (e:\blog\myblog\node_modules\express\lib\router\index.js:310:13)
    at e:\blog\myblog\node_modules\express\lib\router\index.js:280:7
    at Function.process_params (e:\blog\myblog\node_modules\express\lib\router\index.js:330:12)
    at next (e:\blog\myblog\node_modules\express\lib\router\index.js:271:10)
    at Layer.handle_error (e:\blog\myblog\node_modules\express\lib\router\layer.js:67:12)
    at trim_prefix (e:\blog\myblog\node_modules\express\lib\router\index.js:310:13)
    at e:\blog\myblog\node_modules\express\lib\router\index.js:280:7
    at Function.process_params (e:\blog\myblog\node_modules\express\lib\router\index.js:330:12)
    at Immediate.next (e:\blog\myblog\node_modules\express\lib\router\index.js:271:10)
    at Immediate.<anonymous> (e:\blog\myblog\node_modules\express\lib\router\index.js:618:15)
[Sun Mar 12 2017 23:37:47 GMT+0800 (中国标准时间)] /
Error: Can't set headers after they are sent.
    at ServerResponse.setHeader (_http_outgoing.js:358:11)
    at ServerResponse.header (e:\blog\myblog\node_modules\express\lib\response.js:719:10)
    at ServerResponse.send (e:\blog\myblog\node_modules\express\lib\response.js:164:12)
    at done (e:\blog\myblog\node_modules\express\lib\response.js:956:10)
    at tryHandleCache (e:\blog\myblog\node_modules\ejs\lib\ejs.js:208:10)
    at View.exports.renderFile [as engine] (e:\blog\myblog\node_modules\ejs\lib\ejs.js:412:10)
    at View.render (e:\blog\myblog\node_modules\express\lib\view.js:126:8)
    at tryRender (e:\blog\myblog\node_modules\express\lib\application.js:639:10)
    at Function.render (e:\blog\myblog\node_modules\express\lib\application.js:591:3)
    at ServerResponse.render (e:\blog\myblog\node_modules\express\lib\response.js:960:7)
    at e:\blog\myblog\app.js:77:7
    at Layer.handle_error (e:\blog\myblog\node_modules\express\lib\router\layer.js:71:5)
    at trim_prefix (e:\blog\myblog\node_modules\express\lib\router\index.js:310:13)
    at e:\blog\myblog\node_modules\express\lib\router\index.js:280:7
    at Function.process_params (e:\blog\myblog\node_modules\express\lib\router\index.js:330:12)
    at next (e:\blog\myblog\node_modules\express\lib\router\index.js:271:10)
    at Layer.handle_error (e:\blog\myblog\node_modules\express\lib\router\layer.js:67:12)
    at trim_prefix (e:\blog\myblog\node_modules\express\lib\router\index.js:310:13)
    at e:\blog\myblog\node_modules\express\lib\router\index.js:280:7
    at Function.process_params (e:\blog\myblog\node_modules\express\lib\router\index.js:330:12)
    at Immediate.next (e:\blog\myblog\node_modules\express\lib\router\index.js:271:10)
    at Immediate.<anonymous> (e:\blog\myblog\node_modules\express\lib\router\index.js:618:15)
[Tue Mar 14 2017 14:17:23 GMT+0800 (中国标准时间)] /
Error: Can't set headers after they are sent.
    at ServerResponse.setHeader (_http_outgoing.js:358:11)
    at ServerResponse.header (E:\blog\myblog\node_modules\express\lib\response.js:719:10)
    at ServerResponse.send (E:\blog\myblog\node_modules\express\lib\response.js:164:12)
    at done (E:\blog\myblog\node_modules\express\lib\response.js:956:10)
    at tryHandleCache (E:\blog\myblog\node_modules\ejs\lib\ejs.js:208:10)
    at View.exports.renderFile [as engine] (E:\blog\myblog\node_modules\ejs\lib\ejs.js:412:10)
    at View.render (E:\blog\myblog\node_modules\express\lib\view.js:126:8)
    at tryRender (E:\blog\myblog\node_modules\express\lib\application.js:639:10)
    at Function.render (E:\blog\myblog\node_modules\express\lib\application.js:591:3)
    at ServerResponse.render (E:\blog\myblog\node_modules\express\lib\response.js:960:7)
    at E:\blog\myblog\app.js:77:7
    at Layer.handle_error (E:\blog\myblog\node_modules\express\lib\router\layer.js:71:5)
    at trim_prefix (E:\blog\myblog\node_modules\express\lib\router\index.js:310:13)
    at E:\blog\myblog\node_modules\express\lib\router\index.js:280:7
    at Function.process_params (E:\blog\myblog\node_modules\express\lib\router\index.js:330:12)
    at next (E:\blog\myblog\node_modules\express\lib\router\index.js:271:10)
    at Layer.handle_error (E:\blog\myblog\node_modules\express\lib\router\layer.js:67:12)
    at trim_prefix (E:\blog\myblog\node_modules\express\lib\router\index.js:310:13)
    at E:\blog\myblog\node_modules\express\lib\router\index.js:280:7
    at Function.process_params (E:\blog\myblog\node_modules\express\lib\router\index.js:330:12)
    at Immediate.next (E:\blog\myblog\node_modules\express\lib\router\index.js:271:10)
    at Immediate.<anonymous> (E:\blog\myblog\node_modules\express\lib\router\index.js:618:15)
[Tue Mar 14 2017 14:17:27 GMT+0800 (中国标准时间)] /favicon.ico
Error: Can't set headers after they are sent.
    at ServerResponse.setHeader (_http_outgoing.js:358:11)
    at ServerResponse.header (E:\blog\myblog\node_modules\express\lib\response.js:719:10)
    at ServerResponse.send (E:\blog\myblog\node_modules\express\lib\response.js:164:12)
    at done (E:\blog\myblog\node_modules\express\lib\response.js:956:10)
    at tryHandleCache (E:\blog\myblog\node_modules\ejs\lib\ejs.js:208:10)
    at View.exports.renderFile [as engine] (E:\blog\myblog\node_modules\ejs\lib\ejs.js:412:10)
    at View.render (E:\blog\myblog\node_modules\express\lib\view.js:126:8)
    at tryRender (E:\blog\myblog\node_modules\express\lib\application.js:639:10)
    at Function.render (E:\blog\myblog\node_modules\express\lib\application.js:591:3)
    at ServerResponse.render (E:\blog\myblog\node_modules\express\lib\response.js:960:7)
    at E:\blog\myblog\app.js:77:7
    at Layer.handle_error (E:\blog\myblog\node_modules\express\lib\router\layer.js:71:5)
    at trim_prefix (E:\blog\myblog\node_modules\express\lib\router\index.js:310:13)
    at E:\blog\myblog\node_modules\express\lib\router\index.js:280:7
    at Function.process_params (E:\blog\myblog\node_modules\express\lib\router\index.js:330:12)
    at next (E:\blog\myblog\node_modules\express\lib\router\index.js:271:10)
    at E:\blog\myblog\app.js:66:3
    at Layer.handle [as handle_request] (E:\blog\myblog\node_modules\express\lib\router\layer.js:95:5)
    at trim_prefix (E:\blog\myblog\node_modules\express\lib\router\index.js:312:13)
    at E:\blog\myblog\node_modules\express\lib\router\index.js:280:7
    at Function.process_params (E:\blog\myblog\node_modules\express\lib\router\index.js:330:12)
    at next (E:\blog\myblog\node_modules\express\lib\router\index.js:271:10)
[Tue Mar 14 2017 14:17:35 GMT+0800 (中国标准时间)] /favicon.ico
Error: Can't set headers after they are sent.
    at ServerResponse.setHeader (_http_outgoing.js:358:11)
    at ServerResponse.header (E:\blog\myblog\node_modules\express\lib\response.js:719:10)
    at ServerResponse.contentType (E:\blog\myblog\node_modules\express\lib\response.js:552:15)
    at ServerResponse.send (E:\blog\myblog\node_modules\express\lib\response.js:139:14)
    at done (E:\blog\myblog\node_modules\express\lib\response.js:956:10)
    at tryHandleCache (E:\blog\myblog\node_modules\ejs\lib\ejs.js:208:10)
    at View.exports.renderFile [as engine] (E:\blog\myblog\node_modules\ejs\lib\ejs.js:412:10)
    at View.render (E:\blog\myblog\node_modules\express\lib\view.js:126:8)
    at tryRender (E:\blog\myblog\node_modules\express\lib\application.js:639:10)
    at Function.render (E:\blog\myblog\node_modules\express\lib\application.js:591:3)
    at ServerResponse.render (E:\blog\myblog\node_modules\express\lib\response.js:960:7)
    at E:\blog\myblog\app.js:77:7
    at Layer.handle_error (E:\blog\myblog\node_modules\express\lib\router\layer.js:71:5)
    at trim_prefix (E:\blog\myblog\node_modules\express\lib\router\index.js:310:13)
    at E:\blog\myblog\node_modules\express\lib\router\index.js:280:7
    at Function.process_params (E:\blog\myblog\node_modules\express\lib\router\index.js:330:12)
    at next (E:\blog\myblog\node_modules\express\lib\router\index.js:271:10)
    at E:\blog\myblog\app.js:66:3
    at Layer.handle [as handle_request] (E:\blog\myblog\node_modules\express\lib\router\layer.js:95:5)
    at trim_prefix (E:\blog\myblog\node_modules\express\lib\router\index.js:312:13)
    at E:\blog\myblog\node_modules\express\lib\router\index.js:280:7
    at Function.process_params (E:\blog\myblog\node_modules\express\lib\router\index.js:330:12)
[Tue Mar 14 2017 14:17:47 GMT+0800 (中国标准时间)] /
Error: Can't set headers after they are sent.
    at ServerResponse.setHeader (_http_outgoing.js:358:11)
    at ServerResponse.header (E:\blog\myblog\node_modules\express\lib\response.js:719:10)
    at ServerResponse.send (E:\blog\myblog\node_modules\express\lib\response.js:164:12)
    at done (E:\blog\myblog\node_modules\express\lib\response.js:956:10)
    at tryHandleCache (E:\blog\myblog\node_modules\ejs\lib\ejs.js:208:10)
    at View.exports.renderFile [as engine] (E:\blog\myblog\node_modules\ejs\lib\ejs.js:412:10)
    at View.render (E:\blog\myblog\node_modules\express\lib\view.js:126:8)
    at tryRender (E:\blog\myblog\node_modules\express\lib\application.js:639:10)
    at Function.render (E:\blog\myblog\node_modules\express\lib\application.js:591:3)
    at ServerResponse.render (E:\blog\myblog\node_modules\express\lib\response.js:960:7)
    at E:\blog\myblog\app.js:77:7
    at Layer.handle_error (E:\blog\myblog\node_modules\express\lib\router\layer.js:71:5)
    at trim_prefix (E:\blog\myblog\node_modules\express\lib\router\index.js:310:13)
    at E:\blog\myblog\node_modules\express\lib\router\index.js:280:7
    at Function.process_params (E:\blog\myblog\node_modules\express\lib\router\index.js:330:12)
    at next (E:\blog\myblog\node_modules\express\lib\router\index.js:271:10)
    at Layer.handle_error (E:\blog\myblog\node_modules\express\lib\router\layer.js:67:12)
    at trim_prefix (E:\blog\myblog\node_modules\express\lib\router\index.js:310:13)
    at E:\blog\myblog\node_modules\express\lib\router\index.js:280:7
    at Function.process_params (E:\blog\myblog\node_modules\express\lib\router\index.js:330:12)
    at Immediate.next (E:\blog\myblog\node_modules\express\lib\router\index.js:271:10)
    at Immediate.<anonymous> (E:\blog\myblog\node_modules\express\lib\router\index.js:618:15)
[Tue Mar 14 2017 14:17:48 GMT+0800 (中国标准时间)] /favicon.ico
Error: Can't set headers after they are sent.
    at ServerResponse.setHeader (_http_outgoing.js:358:11)
    at ServerResponse.header (E:\blog\myblog\node_modules\express\lib\response.js:719:10)
    at ServerResponse.send (E:\blog\myblog\node_modules\express\lib\response.js:164:12)
    at done (E:\blog\myblog\node_modules\express\lib\response.js:956:10)
    at tryHandleCache (E:\blog\myblog\node_modules\ejs\lib\ejs.js:208:10)
    at View.exports.renderFile [as engine] (E:\blog\myblog\node_modules\ejs\lib\ejs.js:412:10)
    at View.render (E:\blog\myblog\node_modules\express\lib\view.js:126:8)
    at tryRender (E:\blog\myblog\node_modules\express\lib\application.js:639:10)
    at Function.render (E:\blog\myblog\node_modules\express\lib\application.js:591:3)
    at ServerResponse.render (E:\blog\myblog\node_modules\express\lib\response.js:960:7)
    at E:\blog\myblog\app.js:77:7
    at Layer.handle_error (E:\blog\myblog\node_modules\express\lib\router\layer.js:71:5)
    at trim_prefix (E:\blog\myblog\node_modules\express\lib\router\index.js:310:13)
    at E:\blog\myblog\node_modules\express\lib\router\index.js:280:7
    at Function.process_params (E:\blog\myblog\node_modules\express\lib\router\index.js:330:12)
    at next (E:\blog\myblog\node_modules\express\lib\router\index.js:271:10)
    at E:\blog\myblog\app.js:66:3
    at Layer.handle [as handle_request] (E:\blog\myblog\node_modules\express\lib\router\layer.js:95:5)
    at trim_prefix (E:\blog\myblog\node_modules\express\lib\router\index.js:312:13)
    at E:\blog\myblog\node_modules\express\lib\router\index.js:280:7
    at Function.process_params (E:\blog\myblog\node_modules\express\lib\router\index.js:330:12)
    at next (E:\blog\myblog\node_modules\express\lib\router\index.js:271:10)
[Tue Mar 14 2017 14:17:56 GMT+0800 (中国标准时间)] /favicon.ico
Error: Can't set headers after they are sent.
    at ServerResponse.setHeader (_http_outgoing.js:358:11)
    at ServerResponse.header (E:\blog\myblog\node_modules\express\lib\response.js:719:10)
    at ServerResponse.contentType (E:\blog\myblog\node_modules\express\lib\response.js:552:15)
    at ServerResponse.send (E:\blog\myblog\node_modules\express\lib\response.js:139:14)
    at done (E:\blog\myblog\node_modules\express\lib\response.js:956:10)
    at tryHandleCache (E:\blog\myblog\node_modules\ejs\lib\ejs.js:208:10)
    at View.exports.renderFile [as engine] (E:\blog\myblog\node_modules\ejs\lib\ejs.js:412:10)
    at View.render (E:\blog\myblog\node_modules\express\lib\view.js:126:8)
    at tryRender (E:\blog\myblog\node_modules\express\lib\application.js:639:10)
    at Function.render (E:\blog\myblog\node_modules\express\lib\application.js:591:3)
    at ServerResponse.render (E:\blog\myblog\node_modules\express\lib\response.js:960:7)
    at E:\blog\myblog\app.js:77:7
    at Layer.handle_error (E:\blog\myblog\node_modules\express\lib\router\layer.js:71:5)
    at trim_prefix (E:\blog\myblog\node_modules\express\lib\router\index.js:310:13)
    at E:\blog\myblog\node_modules\express\lib\router\index.js:280:7
    at Function.process_params (E:\blog\myblog\node_modules\express\lib\router\index.js:330:12)
    at next (E:\blog\myblog\node_modules\express\lib\router\index.js:271:10)
    at E:\blog\myblog\app.js:66:3
    at Layer.handle [as handle_request] (E:\blog\myblog\node_modules\express\lib\router\layer.js:95:5)
    at trim_prefix (E:\blog\myblog\node_modules\express\lib\router\index.js:312:13)
    at E:\blog\myblog\node_modules\express\lib\router\index.js:280:7
    at Function.process_params (E:\blog\myblog\node_modules\express\lib\router\index.js:330:12)
[Wed Mar 15 2017 20:37:52 GMT+0800 (中国标准时间)] /
Error: Can't set headers after they are sent.
    at ServerResponse.setHeader (_http_outgoing.js:358:11)
    at ServerResponse.header (E:\blog\myblog\node_modules\express\lib\response.js:719:10)
    at ServerResponse.send (E:\blog\myblog\node_modules\express\lib\response.js:164:12)
    at done (E:\blog\myblog\node_modules\express\lib\response.js:956:10)
    at tryHandleCache (E:\blog\myblog\node_modules\ejs\lib\ejs.js:208:10)
    at View.exports.renderFile [as engine] (E:\blog\myblog\node_modules\ejs\lib\ejs.js:412:10)
    at View.render (E:\blog\myblog\node_modules\express\lib\view.js:126:8)
    at tryRender (E:\blog\myblog\node_modules\express\lib\application.js:639:10)
    at Function.render (E:\blog\myblog\node_modules\express\lib\application.js:591:3)
    at ServerResponse.render (E:\blog\myblog\node_modules\express\lib\response.js:960:7)
    at E:\blog\myblog\app.js:77:7
    at Layer.handle_error (E:\blog\myblog\node_modules\express\lib\router\layer.js:71:5)
    at trim_prefix (E:\blog\myblog\node_modules\express\lib\router\index.js:310:13)
    at E:\blog\myblog\node_modules\express\lib\router\index.js:280:7
    at Function.process_params (E:\blog\myblog\node_modules\express\lib\router\index.js:330:12)
    at next (E:\blog\myblog\node_modules\express\lib\router\index.js:271:10)
    at Layer.handle_error (E:\blog\myblog\node_modules\express\lib\router\layer.js:67:12)
    at trim_prefix (E:\blog\myblog\node_modules\express\lib\router\index.js:310:13)
    at E:\blog\myblog\node_modules\express\lib\router\index.js:280:7
    at Function.process_params (E:\blog\myblog\node_modules\express\lib\router\index.js:330:12)
    at Immediate.next (E:\blog\myblog\node_modules\express\lib\router\index.js:271:10)
    at Immediate.<anonymous> (E:\blog\myblog\node_modules\express\lib\router\index.js:618:15)
[Wed Mar 15 2017 20:38:00 GMT+0800 (中国标准时间)] /favicon.ico
Error: Can't set headers after they are sent.
    at ServerResponse.setHeader (_http_outgoing.js:358:11)
    at ServerResponse.header (E:\blog\myblog\node_modules\express\lib\response.js:719:10)
    at ServerResponse.send (E:\blog\myblog\node_modules\express\lib\response.js:164:12)
    at done (E:\blog\myblog\node_modules\express\lib\response.js:956:10)
    at tryHandleCache (E:\blog\myblog\node_modules\ejs\lib\ejs.js:208:10)
    at View.exports.renderFile [as engine] (E:\blog\myblog\node_modules\ejs\lib\ejs.js:412:10)
    at View.render (E:\blog\myblog\node_modules\express\lib\view.js:126:8)
    at tryRender (E:\blog\myblog\node_modules\express\lib\application.js:639:10)
    at Function.render (E:\blog\myblog\node_modules\express\lib\application.js:591:3)
    at ServerResponse.render (E:\blog\myblog\node_modules\express\lib\response.js:960:7)
    at E:\blog\myblog\app.js:77:7
    at Layer.handle_error (E:\blog\myblog\node_modules\express\lib\router\layer.js:71:5)
    at trim_prefix (E:\blog\myblog\node_modules\express\lib\router\index.js:310:13)
    at E:\blog\myblog\node_modules\express\lib\router\index.js:280:7
    at Function.process_params (E:\blog\myblog\node_modules\express\lib\router\index.js:330:12)
    at next (E:\blog\myblog\node_modules\express\lib\router\index.js:271:10)
    at E:\blog\myblog\app.js:66:3
    at Layer.handle [as handle_request] (E:\blog\myblog\node_modules\express\lib\router\layer.js:95:5)
    at trim_prefix (E:\blog\myblog\node_modules\express\lib\router\index.js:312:13)
    at E:\blog\myblog\node_modules\express\lib\router\index.js:280:7
    at Function.process_params (E:\blog\myblog\node_modules\express\lib\router\index.js:330:12)
    at next (E:\blog\myblog\node_modules\express\lib\router\index.js:271:10)
[Wed Mar 15 2017 20:38:06 GMT+0800 (中国标准时间)] /favicon.ico
Error: Can't set headers after they are sent.
    at ServerResponse.setHeader (_http_outgoing.js:358:11)
    at ServerResponse.header (E:\blog\myblog\node_modules\express\lib\response.js:719:10)
    at ServerResponse.contentType (E:\blog\myblog\node_modules\express\lib\response.js:552:15)
    at ServerResponse.send (E:\blog\myblog\node_modules\express\lib\response.js:139:14)
    at done (E:\blog\myblog\node_modules\express\lib\response.js:956:10)
    at tryHandleCache (E:\blog\myblog\node_modules\ejs\lib\ejs.js:208:10)
    at View.exports.renderFile [as engine] (E:\blog\myblog\node_modules\ejs\lib\ejs.js:412:10)
    at View.render (E:\blog\myblog\node_modules\express\lib\view.js:126:8)
    at tryRender (E:\blog\myblog\node_modules\express\lib\application.js:639:10)
    at Function.render (E:\blog\myblog\node_modules\express\lib\application.js:591:3)
    at ServerResponse.render (E:\blog\myblog\node_modules\express\lib\response.js:960:7)
    at E:\blog\myblog\app.js:77:7
    at Layer.handle_error (E:\blog\myblog\node_modules\express\lib\router\layer.js:71:5)
    at trim_prefix (E:\blog\myblog\node_modules\express\lib\router\index.js:310:13)
    at E:\blog\myblog\node_modules\express\lib\router\index.js:280:7
    at Function.process_params (E:\blog\myblog\node_modules\express\lib\router\index.js:330:12)
    at next (E:\blog\myblog\node_modules\express\lib\router\index.js:271:10)
    at E:\blog\myblog\app.js:66:3
    at Layer.handle [as handle_request] (E:\blog\myblog\node_modules\express\lib\router\layer.js:95:5)
    at trim_prefix (E:\blog\myblog\node_modules\express\lib\router\index.js:312:13)
    at E:\blog\myblog\node_modules\express\lib\router\index.js:280:7
    at Function.process_params (E:\blog\myblog\node_modules\express\lib\router\index.js:330:12)
[Wed Mar 15 2017 20:38:12 GMT+0800 (中国标准时间)] /favicon.ico
Error: Can't set headers after they are sent.
    at ServerResponse.setHeader (_http_outgoing.js:358:11)
    at ServerResponse.header (E:\blog\myblog\node_modules\express\lib\response.js:719:10)
    at ServerResponse.send (E:\blog\myblog\node_modules\express\lib\response.js:164:12)
    at done (E:\blog\myblog\node_modules\express\lib\response.js:956:10)
    at tryHandleCache (E:\blog\myblog\node_modules\ejs\lib\ejs.js:208:10)
    at View.exports.renderFile [as engine] (E:\blog\myblog\node_modules\ejs\lib\ejs.js:412:10)
    at View.render (E:\blog\myblog\node_modules\express\lib\view.js:126:8)
    at tryRender (E:\blog\myblog\node_modules\express\lib\application.js:639:10)
    at Function.render (E:\blog\myblog\node_modules\express\lib\application.js:591:3)
    at ServerResponse.render (E:\blog\myblog\node_modules\express\lib\response.js:960:7)
    at E:\blog\myblog\app.js:77:7
    at Layer.handle_error (E:\blog\myblog\node_modules\express\lib\router\layer.js:71:5)
    at trim_prefix (E:\blog\myblog\node_modules\express\lib\router\index.js:310:13)
    at E:\blog\myblog\node_modules\express\lib\router\index.js:280:7
    at Function.process_params (E:\blog\myblog\node_modules\express\lib\router\index.js:330:12)
    at next (E:\blog\myblog\node_modules\express\lib\router\index.js:271:10)
    at E:\blog\myblog\app.js:66:3
    at Layer.handle [as handle_request] (E:\blog\myblog\node_modules\express\lib\router\layer.js:95:5)
    at trim_prefix (E:\blog\myblog\node_modules\express\lib\router\index.js:312:13)
    at E:\blog\myblog\node_modules\express\lib\router\index.js:280:7
    at Function.process_params (E:\blog\myblog\node_modules\express\lib\router\index.js:330:12)
    at next (E:\blog\myblog\node_modules\express\lib\router\index.js:271:10)
[Wed Mar 15 2017 20:38:23 GMT+0800 (中国标准时间)] /
Error: Can't set headers after they are sent.
    at ServerResponse.setHeader (_http_outgoing.js:358:11)
    at ServerResponse.header (E:\blog\myblog\node_modules\express\lib\response.js:719:10)
    at ServerResponse.send (E:\blog\myblog\node_modules\express\lib\response.js:164:12)
    at done (E:\blog\myblog\node_modules\express\lib\response.js:956:10)
    at tryHandleCache (E:\blog\myblog\node_modules\ejs\lib\ejs.js:208:10)
    at View.exports.renderFile [as engine] (E:\blog\myblog\node_modules\ejs\lib\ejs.js:412:10)
    at View.render (E:\blog\myblog\node_modules\express\lib\view.js:126:8)
    at tryRender (E:\blog\myblog\node_modules\express\lib\application.js:639:10)
    at Function.render (E:\blog\myblog\node_modules\express\lib\application.js:591:3)
    at ServerResponse.render (E:\blog\myblog\node_modules\express\lib\response.js:960:7)
    at E:\blog\myblog\app.js:77:7
    at Layer.handle_error (E:\blog\myblog\node_modules\express\lib\router\layer.js:71:5)
    at trim_prefix (E:\blog\myblog\node_modules\express\lib\router\index.js:310:13)
    at E:\blog\myblog\node_modules\express\lib\router\index.js:280:7
    at Function.process_params (E:\blog\myblog\node_modules\express\lib\router\index.js:330:12)
    at next (E:\blog\myblog\node_modules\express\lib\router\index.js:271:10)
    at Layer.handle_error (E:\blog\myblog\node_modules\express\lib\router\layer.js:67:12)
    at trim_prefix (E:\blog\myblog\node_modules\express\lib\router\index.js:310:13)
    at E:\blog\myblog\node_modules\express\lib\router\index.js:280:7
    at Function.process_params (E:\blog\myblog\node_modules\express\lib\router\index.js:330:12)
    at Immediate.next (E:\blog\myblog\node_modules\express\lib\router\index.js:271:10)
    at Immediate.<anonymous> (E:\blog\myblog\node_modules\express\lib\router\index.js:618:15)
[Wed Mar 15 2017 20:38:24 GMT+0800 (中国标准时间)] /favicon.ico
Error: Can't set headers after they are sent.
    at ServerResponse.setHeader (_http_outgoing.js:358:11)
    at ServerResponse.header (E:\blog\myblog\node_modules\express\lib\response.js:719:10)
    at ServerResponse.send (E:\blog\myblog\node_modules\express\lib\response.js:164:12)
    at done (E:\blog\myblog\node_modules\express\lib\response.js:956:10)
    at tryHandleCache (E:\blog\myblog\node_modules\ejs\lib\ejs.js:208:10)
    at View.exports.renderFile [as engine] (E:\blog\myblog\node_modules\ejs\lib\ejs.js:412:10)
    at View.render (E:\blog\myblog\node_modules\express\lib\view.js:126:8)
    at tryRender (E:\blog\myblog\node_modules\express\lib\application.js:639:10)
    at Function.render (E:\blog\myblog\node_modules\express\lib\application.js:591:3)
    at ServerResponse.render (E:\blog\myblog\node_modules\express\lib\response.js:960:7)
    at E:\blog\myblog\app.js:77:7
    at Layer.handle_error (E:\blog\myblog\node_modules\express\lib\router\layer.js:71:5)
    at trim_prefix (E:\blog\myblog\node_modules\express\lib\router\index.js:310:13)
    at E:\blog\myblog\node_modules\express\lib\router\index.js:280:7
    at Function.process_params (E:\blog\myblog\node_modules\express\lib\router\index.js:330:12)
    at next (E:\blog\myblog\node_modules\express\lib\router\index.js:271:10)
    at E:\blog\myblog\app.js:66:3
    at Layer.handle [as handle_request] (E:\blog\myblog\node_modules\express\lib\router\layer.js:95:5)
    at trim_prefix (E:\blog\myblog\node_modules\express\lib\router\index.js:312:13)
    at E:\blog\myblog\node_modules\express\lib\router\index.js:280:7
    at Function.process_params (E:\blog\myblog\node_modules\express\lib\router\index.js:330:12)
    at next (E:\blog\myblog\node_modules\express\lib\router\index.js:271:10)
[Wed Mar 15 2017 20:38:25 GMT+0800 (中国标准时间)] /favicon.ico
Error: Can't set headers after they are sent.
    at ServerResponse.setHeader (_http_outgoing.js:358:11)
    at ServerResponse.header (E:\blog\myblog\node_modules\express\lib\response.js:719:10)
    at ServerResponse.contentType (E:\blog\myblog\node_modules\express\lib\response.js:552:15)
    at ServerResponse.send (E:\blog\myblog\node_modules\express\lib\response.js:139:14)
    at done (E:\blog\myblog\node_modules\express\lib\response.js:956:10)
    at tryHandleCache (E:\blog\myblog\node_modules\ejs\lib\ejs.js:208:10)
    at View.exports.renderFile [as engine] (E:\blog\myblog\node_modules\ejs\lib\ejs.js:412:10)
    at View.render (E:\blog\myblog\node_modules\express\lib\view.js:126:8)
    at tryRender (E:\blog\myblog\node_modules\express\lib\application.js:639:10)
    at Function.render (E:\blog\myblog\node_modules\express\lib\application.js:591:3)
    at ServerResponse.render (E:\blog\myblog\node_modules\express\lib\response.js:960:7)
    at E:\blog\myblog\app.js:77:7
    at Layer.handle_error (E:\blog\myblog\node_modules\express\lib\router\layer.js:71:5)
    at trim_prefix (E:\blog\myblog\node_modules\express\lib\router\index.js:310:13)
    at E:\blog\myblog\node_modules\express\lib\router\index.js:280:7
    at Function.process_params (E:\blog\myblog\node_modules\express\lib\router\index.js:330:12)
    at next (E:\blog\myblog\node_modules\express\lib\router\index.js:271:10)
    at E:\blog\myblog\app.js:66:3
    at Layer.handle [as handle_request] (E:\blog\myblog\node_modules\express\lib\router\layer.js:95:5)
    at trim_prefix (E:\blog\myblog\node_modules\express\lib\router\index.js:312:13)
    at E:\blog\myblog\node_modules\express\lib\router\index.js:280:7
    at Function.process_params (E:\blog\myblog\node_modules\express\lib\router\index.js:330:12)
[Wed Mar 15 2017 20:38:42 GMT+0800 (中国标准时间)] /
Error: Can't set headers after they are sent.
    at ServerResponse.setHeader (_http_outgoing.js:358:11)
    at ServerResponse.header (E:\blog\myblog\node_modules\express\lib\response.js:719:10)
    at ServerResponse.send (E:\blog\myblog\node_modules\express\lib\response.js:164:12)
    at done (E:\blog\myblog\node_modules\express\lib\response.js:956:10)
    at tryHandleCache (E:\blog\myblog\node_modules\ejs\lib\ejs.js:208:10)
    at View.exports.renderFile [as engine] (E:\blog\myblog\node_modules\ejs\lib\ejs.js:412:10)
    at View.render (E:\blog\myblog\node_modules\express\lib\view.js:126:8)
    at tryRender (E:\blog\myblog\node_modules\express\lib\application.js:639:10)
    at Function.render (E:\blog\myblog\node_modules\express\lib\application.js:591:3)
    at ServerResponse.render (E:\blog\myblog\node_modules\express\lib\response.js:960:7)
    at E:\blog\myblog\app.js:77:7
    at Layer.handle_error (E:\blog\myblog\node_modules\express\lib\router\layer.js:71:5)
    at trim_prefix (E:\blog\myblog\node_modules\express\lib\router\index.js:310:13)
    at E:\blog\myblog\node_modules\express\lib\router\index.js:280:7
    at Function.process_params (E:\blog\myblog\node_modules\express\lib\router\index.js:330:12)
    at next (E:\blog\myblog\node_modules\express\lib\router\index.js:271:10)
    at Layer.handle_error (E:\blog\myblog\node_modules\express\lib\router\layer.js:67:12)
    at trim_prefix (E:\blog\myblog\node_modules\express\lib\router\index.js:310:13)
    at E:\blog\myblog\node_modules\express\lib\router\index.js:280:7
    at Function.process_params (E:\blog\myblog\node_modules\express\lib\router\index.js:330:12)
    at Immediate.next (E:\blog\myblog\node_modules\express\lib\router\index.js:271:10)
    at Immediate.<anonymous> (E:\blog\myblog\node_modules\express\lib\router\index.js:618:15)
[Wed Mar 15 2017 20:38:42 GMT+0800 (中国标准时间)] /favicon.ico
Error: Can't set headers after they are sent.
    at ServerResponse.setHeader (_http_outgoing.js:358:11)
    at ServerResponse.header (E:\blog\myblog\node_modules\express\lib\response.js:719:10)
    at ServerResponse.send (E:\blog\myblog\node_modules\express\lib\response.js:164:12)
    at done (E:\blog\myblog\node_modules\express\lib\response.js:956:10)
    at tryHandleCache (E:\blog\myblog\node_modules\ejs\lib\ejs.js:208:10)
    at View.exports.renderFile [as engine] (E:\blog\myblog\node_modules\ejs\lib\ejs.js:412:10)
    at View.render (E:\blog\myblog\node_modules\express\lib\view.js:126:8)
    at tryRender (E:\blog\myblog\node_modules\express\lib\application.js:639:10)
    at Function.render (E:\blog\myblog\node_modules\express\lib\application.js:591:3)
    at ServerResponse.render (E:\blog\myblog\node_modules\express\lib\response.js:960:7)
    at E:\blog\myblog\app.js:77:7
    at Layer.handle_error (E:\blog\myblog\node_modules\express\lib\router\layer.js:71:5)
    at trim_prefix (E:\blog\myblog\node_modules\express\lib\router\index.js:310:13)
    at E:\blog\myblog\node_modules\express\lib\router\index.js:280:7
    at Function.process_params (E:\blog\myblog\node_modules\express\lib\router\index.js:330:12)
    at next (E:\blog\myblog\node_modules\express\lib\router\index.js:271:10)
    at E:\blog\myblog\app.js:66:3
    at Layer.handle [as handle_request] (E:\blog\myblog\node_modules\express\lib\router\layer.js:95:5)
    at trim_prefix (E:\blog\myblog\node_modules\express\lib\router\index.js:312:13)
    at E:\blog\myblog\node_modules\express\lib\router\index.js:280:7
    at Function.process_params (E:\blog\myblog\node_modules\express\lib\router\index.js:330:12)
    at next (E:\blog\myblog\node_modules\express\lib\router\index.js:271:10)
[Wed Mar 15 2017 20:38:52 GMT+0800 (中国标准时间)] /favicon.ico
Error: Can't set headers after they are sent.
    at ServerResponse.setHeader (_http_outgoing.js:358:11)
    at ServerResponse.header (E:\blog\myblog\node_modules\express\lib\response.js:719:10)
    at ServerResponse.contentType (E:\blog\myblog\node_modules\express\lib\response.js:552:15)
    at ServerResponse.send (E:\blog\myblog\node_modules\express\lib\response.js:139:14)
    at done (E:\blog\myblog\node_modules\express\lib\response.js:956:10)
    at tryHandleCache (E:\blog\myblog\node_modules\ejs\lib\ejs.js:208:10)
    at View.exports.renderFile [as engine] (E:\blog\myblog\node_modules\ejs\lib\ejs.js:412:10)
    at View.render (E:\blog\myblog\node_modules\express\lib\view.js:126:8)
    at tryRender (E:\blog\myblog\node_modules\express\lib\application.js:639:10)
    at Function.render (E:\blog\myblog\node_modules\express\lib\application.js:591:3)
    at ServerResponse.render (E:\blog\myblog\node_modules\express\lib\response.js:960:7)
    at E:\blog\myblog\app.js:77:7
    at Layer.handle_error (E:\blog\myblog\node_modules\express\lib\router\layer.js:71:5)
    at trim_prefix (E:\blog\myblog\node_modules\express\lib\router\index.js:310:13)
    at E:\blog\myblog\node_modules\express\lib\router\index.js:280:7
    at Function.process_params (E:\blog\myblog\node_modules\express\lib\router\index.js:330:12)
    at next (E:\blog\myblog\node_modules\express\lib\router\index.js:271:10)
    at E:\blog\myblog\app.js:66:3
    at Layer.handle [as handle_request] (E:\blog\myblog\node_modules\express\lib\router\layer.js:95:5)
    at trim_prefix (E:\blog\myblog\node_modules\express\lib\router\index.js:312:13)
    at E:\blog\myblog\node_modules\express\lib\router\index.js:280:7
    at Function.process_params (E:\blog\myblog\node_modules\express\lib\router\index.js:330:12)
[Wed Mar 15 2017 20:38:54 GMT+0800 (中国标准时间)] /favicon.ico
Error: Can't set headers after they are sent.
    at ServerResponse.setHeader (_http_outgoing.js:358:11)
    at ServerResponse.header (E:\blog\myblog\node_modules\express\lib\response.js:719:10)
    at ServerResponse.contentType (E:\blog\myblog\node_modules\express\lib\response.js:552:15)
    at ServerResponse.send (E:\blog\myblog\node_modules\express\lib\response.js:139:14)
    at done (E:\blog\myblog\node_modules\express\lib\response.js:956:10)
    at tryHandleCache (E:\blog\myblog\node_modules\ejs\lib\ejs.js:208:10)
    at View.exports.renderFile [as engine] (E:\blog\myblog\node_modules\ejs\lib\ejs.js:412:10)
    at View.render (E:\blog\myblog\node_modules\express\lib\view.js:126:8)
    at tryRender (E:\blog\myblog\node_modules\express\lib\application.js:639:10)
    at Function.render (E:\blog\myblog\node_modules\express\lib\application.js:591:3)
    at ServerResponse.render (E:\blog\myblog\node_modules\express\lib\response.js:960:7)
    at E:\blog\myblog\app.js:77:7
    at Layer.handle_error (E:\blog\myblog\node_modules\express\lib\router\layer.js:71:5)
    at trim_prefix (E:\blog\myblog\node_modules\express\lib\router\index.js:310:13)
    at E:\blog\myblog\node_modules\express\lib\router\index.js:280:7
    at Function.process_params (E:\blog\myblog\node_modules\express\lib\router\index.js:330:12)
    at next (E:\blog\myblog\node_modules\express\lib\router\index.js:271:10)
    at E:\blog\myblog\app.js:66:3
    at Layer.handle [as handle_request] (E:\blog\myblog\node_modules\express\lib\router\layer.js:95:5)
    at trim_prefix (E:\blog\myblog\node_modules\express\lib\router\index.js:312:13)
    at E:\blog\myblog\node_modules\express\lib\router\index.js:280:7
    at Function.process_params (E:\blog\myblog\node_modules\express\lib\router\index.js:330:12)
[Wed Mar 15 2017 20:38:58 GMT+0800 (中国标准时间)] /favicon.ico
Error: Can't set headers after they are sent.
    at ServerResponse.setHeader (_http_outgoing.js:358:11)
    at ServerResponse.header (E:\blog\myblog\node_modules\express\lib\response.js:719:10)
    at ServerResponse.contentType (E:\blog\myblog\node_modules\express\lib\response.js:552:15)
    at ServerResponse.send (E:\blog\myblog\node_modules\express\lib\response.js:139:14)
    at done (E:\blog\myblog\node_modules\express\lib\response.js:956:10)
    at tryHandleCache (E:\blog\myblog\node_modules\ejs\lib\ejs.js:208:10)
    at View.exports.renderFile [as engine] (E:\blog\myblog\node_modules\ejs\lib\ejs.js:412:10)
    at View.render (E:\blog\myblog\node_modules\express\lib\view.js:126:8)
    at tryRender (E:\blog\myblog\node_modules\express\lib\application.js:639:10)
    at Function.render (E:\blog\myblog\node_modules\express\lib\application.js:591:3)
    at ServerResponse.render (E:\blog\myblog\node_modules\express\lib\response.js:960:7)
    at E:\blog\myblog\app.js:77:7
    at Layer.handle_error (E:\blog\myblog\node_modules\express\lib\router\layer.js:71:5)
    at trim_prefix (E:\blog\myblog\node_modules\express\lib\router\index.js:310:13)
    at E:\blog\myblog\node_modules\express\lib\router\index.js:280:7
    at Function.process_params (E:\blog\myblog\node_modules\express\lib\router\index.js:330:12)
    at next (E:\blog\myblog\node_modules\express\lib\router\index.js:271:10)
    at E:\blog\myblog\app.js:66:3
    at Layer.handle [as handle_request] (E:\blog\myblog\node_modules\express\lib\router\layer.js:95:5)
    at trim_prefix (E:\blog\myblog\node_modules\express\lib\router\index.js:312:13)
    at E:\blog\myblog\node_modules\express\lib\router\index.js:280:7
    at Function.process_params (E:\blog\myblog\node_modules\express\lib\router\index.js:330:12)
[Wed Mar 15 2017 20:40:41 GMT+0800 (中国标准时间)] /
Error: Can't set headers after they are sent.
    at ServerResponse.setHeader (_http_outgoing.js:358:11)
    at ServerResponse.header (E:\blog\myblog\node_modules\express\lib\response.js:719:10)
    at ServerResponse.send (E:\blog\myblog\node_modules\express\lib\response.js:164:12)
    at done (E:\blog\myblog\node_modules\express\lib\response.js:956:10)
    at tryHandleCache (E:\blog\myblog\node_modules\ejs\lib\ejs.js:208:10)
    at View.exports.renderFile [as engine] (E:\blog\myblog\node_modules\ejs\lib\ejs.js:412:10)
    at View.render (E:\blog\myblog\node_modules\express\lib\view.js:126:8)
    at tryRender (E:\blog\myblog\node_modules\express\lib\application.js:639:10)
    at Function.render (E:\blog\myblog\node_modules\express\lib\application.js:591:3)
    at ServerResponse.render (E:\blog\myblog\node_modules\express\lib\response.js:960:7)
    at E:\blog\myblog\app.js:77:7
    at Layer.handle_error (E:\blog\myblog\node_modules\express\lib\router\layer.js:71:5)
    at trim_prefix (E:\blog\myblog\node_modules\express\lib\router\index.js:310:13)
    at E:\blog\myblog\node_modules\express\lib\router\index.js:280:7
    at Function.process_params (E:\blog\myblog\node_modules\express\lib\router\index.js:330:12)
    at next (E:\blog\myblog\node_modules\express\lib\router\index.js:271:10)
    at Layer.handle_error (E:\blog\myblog\node_modules\express\lib\router\layer.js:67:12)
    at trim_prefix (E:\blog\myblog\node_modules\express\lib\router\index.js:310:13)
    at E:\blog\myblog\node_modules\express\lib\router\index.js:280:7
    at Function.process_params (E:\blog\myblog\node_modules\express\lib\router\index.js:330:12)
    at Immediate.next (E:\blog\myblog\node_modules\express\lib\router\index.js:271:10)
    at Immediate.<anonymous> (E:\blog\myblog\node_modules\express\lib\router\index.js:618:15)
[Wed Mar 15 2017 20:40:41 GMT+0800 (中国标准时间)] /favicon.ico
Error: Can't set headers after they are sent.
    at ServerResponse.setHeader (_http_outgoing.js:358:11)
    at ServerResponse.header (E:\blog\myblog\node_modules\express\lib\response.js:719:10)
    at ServerResponse.contentType (E:\blog\myblog\node_modules\express\lib\response.js:552:15)
    at ServerResponse.send (E:\blog\myblog\node_modules\express\lib\response.js:139:14)
    at done (E:\blog\myblog\node_modules\express\lib\response.js:956:10)
    at tryHandleCache (E:\blog\myblog\node_modules\ejs\lib\ejs.js:208:10)
    at View.exports.renderFile [as engine] (E:\blog\myblog\node_modules\ejs\lib\ejs.js:412:10)
    at View.render (E:\blog\myblog\node_modules\express\lib\view.js:126:8)
    at tryRender (E:\blog\myblog\node_modules\express\lib\application.js:639:10)
    at Function.render (E:\blog\myblog\node_modules\express\lib\application.js:591:3)
    at ServerResponse.render (E:\blog\myblog\node_modules\express\lib\response.js:960:7)
    at E:\blog\myblog\app.js:77:7
    at Layer.handle_error (E:\blog\myblog\node_modules\express\lib\router\layer.js:71:5)
    at trim_prefix (E:\blog\myblog\node_modules\express\lib\router\index.js:310:13)
    at E:\blog\myblog\node_modules\express\lib\router\index.js:280:7
    at Function.process_params (E:\blog\myblog\node_modules\express\lib\router\index.js:330:12)
    at next (E:\blog\myblog\node_modules\express\lib\router\index.js:271:10)
    at E:\blog\myblog\app.js:66:3
    at Layer.handle [as handle_request] (E:\blog\myblog\node_modules\express\lib\router\layer.js:95:5)
    at trim_prefix (E:\blog\myblog\node_modules\express\lib\router\index.js:312:13)
    at E:\blog\myblog\node_modules\express\lib\router\index.js:280:7
    at Function.process_params (E:\blog\myblog\node_modules\express\lib\router\index.js:330:12)
[Wed Mar 15 2017 20:40:46 GMT+0800 (中国标准时间)] /favicon.ico
Error: Can't set headers after they are sent.
    at ServerResponse.setHeader (_http_outgoing.js:358:11)
    at ServerResponse.header (E:\blog\myblog\node_modules\express\lib\response.js:719:10)
    at ServerResponse.contentType (E:\blog\myblog\node_modules\express\lib\response.js:552:15)
    at ServerResponse.send (E:\blog\myblog\node_modules\express\lib\response.js:139:14)
    at done (E:\blog\myblog\node_modules\express\lib\response.js:956:10)
    at tryHandleCache (E:\blog\myblog\node_modules\ejs\lib\ejs.js:208:10)
    at View.exports.renderFile [as engine] (E:\blog\myblog\node_modules\ejs\lib\ejs.js:412:10)
    at View.render (E:\blog\myblog\node_modules\express\lib\view.js:126:8)
    at tryRender (E:\blog\myblog\node_modules\express\lib\application.js:639:10)
    at Function.render (E:\blog\myblog\node_modules\express\lib\application.js:591:3)
    at ServerResponse.render (E:\blog\myblog\node_modules\express\lib\response.js:960:7)
    at E:\blog\myblog\app.js:77:7
    at Layer.handle_error (E:\blog\myblog\node_modules\express\lib\router\layer.js:71:5)
    at trim_prefix (E:\blog\myblog\node_modules\express\lib\router\index.js:310:13)
    at E:\blog\myblog\node_modules\express\lib\router\index.js:280:7
    at Function.process_params (E:\blog\myblog\node_modules\express\lib\router\index.js:330:12)
    at next (E:\blog\myblog\node_modules\express\lib\router\index.js:271:10)
    at E:\blog\myblog\app.js:66:3
    at Layer.handle [as handle_request] (E:\blog\myblog\node_modules\express\lib\router\layer.js:95:5)
    at trim_prefix (E:\blog\myblog\node_modules\express\lib\router\index.js:312:13)
    at E:\blog\myblog\node_modules\express\lib\router\index.js:280:7
    at Function.process_params (E:\blog\myblog\node_modules\express\lib\router\index.js:330:12)
[Wed Mar 15 2017 20:40:52 GMT+0800 (中国标准时间)] /favicon.ico
Error: Can't set headers after they are sent.
    at ServerResponse.setHeader (_http_outgoing.js:358:11)
    at ServerResponse.header (E:\blog\myblog\node_modules\express\lib\response.js:719:10)
    at ServerResponse.contentType (E:\blog\myblog\node_modules\express\lib\response.js:552:15)
    at ServerResponse.send (E:\blog\myblog\node_modules\express\lib\response.js:139:14)
    at done (E:\blog\myblog\node_modules\express\lib\response.js:956:10)
    at tryHandleCache (E:\blog\myblog\node_modules\ejs\lib\ejs.js:208:10)
    at View.exports.renderFile [as engine] (E:\blog\myblog\node_modules\ejs\lib\ejs.js:412:10)
    at View.render (E:\blog\myblog\node_modules\express\lib\view.js:126:8)
    at tryRender (E:\blog\myblog\node_modules\express\lib\application.js:639:10)
    at Function.render (E:\blog\myblog\node_modules\express\lib\application.js:591:3)
    at ServerResponse.render (E:\blog\myblog\node_modules\express\lib\response.js:960:7)
    at E:\blog\myblog\app.js:77:7
    at Layer.handle_error (E:\blog\myblog\node_modules\express\lib\router\layer.js:71:5)
    at trim_prefix (E:\blog\myblog\node_modules\express\lib\router\index.js:310:13)
    at E:\blog\myblog\node_modules\express\lib\router\index.js:280:7
    at Function.process_params (E:\blog\myblog\node_modules\express\lib\router\index.js:330:12)
    at next (E:\blog\myblog\node_modules\express\lib\router\index.js:271:10)
    at E:\blog\myblog\app.js:66:3
    at Layer.handle [as handle_request] (E:\blog\myblog\node_modules\express\lib\router\layer.js:95:5)
    at trim_prefix (E:\blog\myblog\node_modules\express\lib\router\index.js:312:13)
    at E:\blog\myblog\node_modules\express\lib\router\index.js:280:7
    at Function.process_params (E:\blog\myblog\node_modules\express\lib\router\index.js:330:12)
